trimesh/curvature.py:12: DeprecationWarning: Please use `coo_matrix` from the `scipy.sparse` namespace, the `scipy.sparse.coo` namespace is deprecated.
  from scipy.sparse.coo import coo_matrix
UM/Qt/QtApplication.py:697: DeprecationWarning: QEvent constructor is deprecated
  super().__init__(self.QtFunctionEvent)
UM/TaskManagement/TaskManager.py:20: DeprecationWarning: QEvent constructor is deprecated
  super().__init__(task_manager.event_type)
[35m2023-07-10 16:54:43,381[0m - [36mDEBUG[0m - [37m[MainThread] UM.Application.initialize [163]: Initializing UltiMaker Cura[0m
[35m2023-07-10 16:54:43,381[0m - [36mDEBUG[0m - [37m[MainThread] UM.Application.initialize [164]: App Version 5.4.0[0m
[35m2023-07-10 16:54:43,381[0m - [36mDEBUG[0m - [37m[MainThread] UM.Application.initialize [165]: Api Version 8.4.0[0m
[35m2023-07-10 16:54:43,382[0m - [36mDEBUG[0m - [37m[MainThread] UM.Application.initialize [166]: Build type None[0m
[35m2023-07-10 16:54:43,382[0m - [33mWARNING[0m - [37m[MainThread] UM.PluginRegistry.addPluginLocation [202]: Plugin location /opt/lib/uranium must be a folder.[0m
[35m2023-07-10 16:54:43,382[0m - [33mWARNING[0m - [37m[MainThread] UM.PluginRegistry.addPluginLocation [202]: Plugin location /opt/lib64/uranium must be a folder.[0m
[35m2023-07-10 16:54:43,382[0m - [33mWARNING[0m - [37m[MainThread] UM.PluginRegistry.addPluginLocation [202]: Plugin location /opt/lib32/uranium must be a folder.[0m
[35m2023-07-10 16:54:43,382[0m - [33mWARNING[0m - [37m[MainThread] UM.PluginRegistry.addPluginLocation [202]: Plugin location /opt/ultimaker-cura/plugins must be a folder.[0m
[35m2023-07-10 16:54:43,382[0m - [33mWARNING[0m - [37m[MainThread] UM.PluginRegistry.addPluginLocation [202]: Plugin location /opt/Resources/uranium/plugins must be a folder.[0m
[35m2023-07-10 16:54:43,382[0m - [33mWARNING[0m - [37m[MainThread] UM.PluginRegistry.addPluginLocation [202]: Plugin location /opt/Resources/cura/plugins must be a folder.[0m
[35m2023-07-10 16:54:43,382[0m - [36mDEBUG[0m - [37m[MainThread] UM.Resources.__initializeStoragePaths [481]: Initializing storage paths[0m
[35m2023-07-10 16:54:43,383[0m - [36mDEBUG[0m - [37m[MainThread] UM.Resources.__initializeStoragePaths [491]: Config storage path is /home/wayne/.config/cura/5.4[0m
[35m2023-07-10 16:54:43,383[0m - [36mDEBUG[0m - [37m[MainThread] UM.Resources.__initializeStoragePaths [499]: Data storage path is /home/wayne/.local/share/cura/5.4[0m
[35m2023-07-10 16:54:43,383[0m - [36mDEBUG[0m - [37m[MainThread] UM.Resources.__initializeStoragePaths [511]: Cache storage path is /home/wayne/.cache/cura/5.4[0m
[35m2023-07-10 16:54:43,383[0m - [32mINFO[0m - [37m[MainThread] UM.PackageManager.__init__ [56]: Found bundled packages JSON file: /opt/ultimaker-cura/share/uranium/resources/bundled_packages/uranium.json[0m
[35m2023-07-10 16:54:43,383[0m - [32mINFO[0m - [37m[MainThread] UM.PackageManager.__init__ [56]: Found bundled packages JSON file: /opt/ultimaker-cura/share/cura/resources/bundled_packages/cura.json[0m
[35m2023-07-10 16:54:43,383[0m - [36mDEBUG[0m - [37m[MainThread] UM.View.GL.OpenGLContext.detectBestOpenGLVersion [124]: Trying OpenGL context 4.1...[0m
[35m2023-07-10 16:54:43,383[0m - [36mDEBUG[0m - [37m[MainThread] UM.View.GL.OpenGLContext.detectBestOpenGLVersion [132]: Yay, we got at least OpenGL 4.1 core: 4.1 Core profile[0m
[35m2023-07-10 16:54:43,383[0m - [36mDEBUG[0m - [37m[MainThread] UM.Qt.QtApplication.initialize [192]: Detected most suitable OpenGL context version: 4.1 Core profile[0m
[35m2023-07-10 16:54:43,384[0m - [32mINFO[0m - [37m[MainThread] UM.Qt.QtApplication.initialize [199]: Initializing job queue ...[0m
[35m2023-07-10 16:54:43,384[0m - [32mINFO[0m - [37m[MainThread] UM.Qt.QtApplication.initialize [203]: Initializing version upgrade manager ...[0m
[35m2023-07-10 16:54:43,384[0m - [32mINFO[0m - [37m[MainThread] UM.PackageManager._loadManagementData [174]: Loaded bundled packages data from /opt/ultimaker-cura/share/uranium/resources/bundled_packages/uranium.json[0m
[35m2023-07-10 16:54:43,384[0m - [32mINFO[0m - [37m[MainThread] UM.PackageManager._loadManagementData [174]: Loaded bundled packages data from /opt/ultimaker-cura/share/cura/resources/bundled_packages/cura.json[0m
[35m2023-07-10 16:54:43,384[0m - [32mINFO[0m - [37m[MainThread] UM.PackageManager._loadManagementData [201]: Loaded user packages management file from /home/wayne/.local/share/cura/5.4/packages.json[0m
[35m2023-07-10 16:54:43,384[0m - [32mINFO[0m - [37m[MainThread] UM.PackageManager._removeAllScheduledPackages [280]: Attempting to remove the following scheduled packages: - [0m
[35m2023-07-10 16:54:43,384[0m - [32mINFO[0m - [37m[MainThread] UM.PluginRegistry.initializeBeforePluginsAreLoaded [121]: Loading plugin configuration file '/home/wayne/.config/cura/5.4/plugins.json'[0m
[35m2023-07-10 16:54:43,384[0m - [33mWARNING[0m - [37m[MainThread] UM.PluginRegistry.addPluginLocation [202]: Plugin location /opt/lib/cura must be a folder.[0m
[35m2023-07-10 16:54:43,385[0m - [33mWARNING[0m - [37m[MainThread] UM.PluginRegistry.addPluginLocation [202]: Plugin location /opt/lib32/cura must be a folder.[0m
[35m2023-07-10 16:54:43,385[0m - [33mWARNING[0m - [37m[MainThread] UM.PluginRegistry.addPluginLocation [202]: Plugin location /opt/lib64/cura must be a folder.[0m
[35m2023-07-10 16:54:43,385[0m - [33mWARNING[0m - [37m[MainThread] UM.PluginRegistry.addPluginLocation [202]: Plugin location /opt/libx32/cura must be a folder.[0m
[35m2023-07-10 16:54:43,385[0m - [32mINFO[0m - [37m[MainThread] UM.PluginRegistry.loadPlugin [493]: Loaded plugin ConsoleLogger 1.0.1[0m
[35m2023-07-10 16:54:43,395[0m - [32mINFO[0m - [37m[MainThread] UM.PluginRegistry.loadPlugin [493]: Loaded plugin SimpleView 1.0.1[0m
[35m2023-07-10 16:54:43,402[0m - [32mINFO[0m - [37m[MainThread] UM.PluginRegistry.loadPlugin [493]: Loaded plugin LocalContainerProvider 1.0.1[0m
[35m2023-07-10 16:54:43,438[0m - [32mINFO[0m - [37m[MainThread] UM.PluginRegistry.loadPlugin [493]: Loaded plugin DigitalLibrary 1.1.0[0m
[35m2023-07-10 16:54:43,471[0m - [32mINFO[0m - [37m[MainThread] CuraEngineBackend.CuraEngineBackend.__init__ [96]: Found CuraEngine at: /opt/ultimaker-cura/CuraEngine[0m
[35m2023-07-10 16:54:43,472[0m - [32mINFO[0m - [37m[MainThread] UM.PluginRegistry.loadPlugin [493]: Loaded plugin CuraEngineBackend 1.0.1[0m
[35m2023-07-10 16:54:43,475[0m - [36mDEBUG[0m - [37m[MainThread] UM.Backend.Backend._logSocketState [192]: Socket state changed to Listening[0m
[35m2023-07-10 16:54:43,477[0m - [32mINFO[0m - [37m[MainThread] UM.Backend.Backend.startEngine [95]: Started engine process: /opt/ultimaker-cura/CuraEngine[0m
[35m2023-07-10 16:54:43,478[0m - [36mDEBUG[0m - [37m[MainThread] UM.Backend.Backend._backendLog [115]: [Backend] Calling engine with: ['/opt/ultimaker-cura/CuraEngine', 'connect', '127.0.0.1:49674', ''][0m
[35m2023-07-10 16:54:43,480[0m - [36mDEBUG[0m - [37m[EngineOutputThread] UM.Backend.Backend._backendLog [115]: [Backend] [0m
[35m2023-07-10 16:54:43,482[0m - [36mDEBUG[0m - [37m[EngineOutputThread] UM.Backend.Backend._backendLog [115]: [Backend] Cura_SteamEngine version 5.4.0[0m
[35m2023-07-10 16:54:43,483[0m - [36mDEBUG[0m - [37m[EngineOutputThread] UM.Backend.Backend._backendLog [115]: [Backend] Copyright (C) 2022 Ultimaker[0m
[35m2023-07-10 16:54:43,484[0m - [36mDEBUG[0m - [37m[EngineOutputThread] UM.Backend.Backend._backendLog [115]: [Backend] [0m
[35m2023-07-10 16:54:43,485[0m - [36mDEBUG[0m - [37m[EngineOutputThread] UM.Backend.Backend._backendLog [115]: [Backend] This program is free software: you can redistribute it and/or modify[0m
[35m2023-07-10 16:54:43,486[0m - [36mDEBUG[0m - [37m[EngineOutputThread] UM.Backend.Backend._backendLog [115]: [Backend] it under the terms of the GNU Affero General Public License as published by[0m
[35m2023-07-10 16:54:43,487[0m - [36mDEBUG[0m - [37m[EngineOutputThread] UM.Backend.Backend._backendLog [115]: [Backend] the Free Software Foundation, either version 3 of the License, or[0m
[35m2023-07-10 16:54:43,488[0m - [36mDEBUG[0m - [37m[EngineOutputThread] UM.Backend.Backend._backendLog [115]: [Backend] (at your option) any later version.[0m
[35m2023-07-10 16:54:43,488[0m - [36mDEBUG[0m - [37m[EngineOutputThread] UM.Backend.Backend._backendLog [115]: [Backend] [0m
[35m2023-07-10 16:54:43,489[0m - [32mINFO[0m - [37m[MainThread] UM.PluginRegistry.loadPlugin [493]: Loaded plugin FirmwareUpdater 1.0.1[0m
[35m2023-07-10 16:54:43,489[0m - [36mDEBUG[0m - [37m[EngineOutputThread] UM.Backend.Backend._backendLog [115]: [Backend] This program is distributed in the hope that it will be useful,[0m
[35m2023-07-10 16:54:43,490[0m - [36mDEBUG[0m - [37m[MainThread] UM.Backend.Backend._logSocketState [196]: Socket state changed to Connected[0m
[35m2023-07-10 16:54:43,490[0m - [36mDEBUG[0m - [37m[EngineOutputThread] UM.Backend.Backend._backendLog [115]: [Backend] but WITHOUT ANY WARRANTY; without even the implied warranty of[0m
[35m2023-07-10 16:54:43,491[0m - [36mDEBUG[0m - [37m[MainThread] UM.Backend.Backend._onSocketStateChanged [185]: Backend connected on port 49674[0m
[35m2023-07-10 16:54:43,492[0m - [36mDEBUG[0m - [37m[EngineOutputThread] UM.Backend.Backend._backendLog [115]: [Backend] MERCHANTABILITY or FITNESS FOR A PARTICULAR PURPOSE.  See the[0m
[35m2023-07-10 16:54:43,494[0m - [36mDEBUG[0m - [37m[EngineOutputThread] UM.Backend.Backend._backendLog [115]: [Backend] GNU Affero General Public License for more details.[0m
[35m2023-07-10 16:54:43,495[0m - [36mDEBUG[0m - [37m[EngineOutputThread] UM.Backend.Backend._backendLog [115]: [Backend] [0m
[35m2023-07-10 16:54:43,497[0m - [36mDEBUG[0m - [37m[EngineOutputThread] UM.Backend.Backend._backendLog [115]: [Backend] You should have received a copy of the GNU Affero General Public License[0m
[35m2023-07-10 16:54:43,497[0m - [36mDEBUG[0m - [37m[EngineOutputThread] UM.Backend.Backend._backendLog [115]: [Backend] along with this program.  If not, see <http://www.gnu.org/licenses/>.[0m
[35m2023-07-10 16:54:43,499[0m - [36mDEBUG[0m - [37m[EngineOutputThread] UM.Backend.Backend._backendLog [115]: [Backend] [2023-07-10 16:54:43.480] [info] Connecting to 127.0.0.1:49674[0m
[35m2023-07-10 16:54:43,501[0m - [32mINFO[0m - [37m[MainThread] UM.PluginRegistry.loadPlugin [493]: Loaded plugin VersionUpgrade42to43 1.0.0[0m
[35m2023-07-10 16:54:43,507[0m - [32mINFO[0m - [37m[MainThread] UM.PluginRegistry.loadPlugin [493]: Loaded plugin VersionUpgrade52to53 1.0.0[0m
[35m2023-07-10 16:54:43,517[0m - [32mINFO[0m - [37m[MainThread] UM.PluginRegistry.loadPlugin [493]: Loaded plugin VersionUpgrade21to22 1.0.1[0m
[35m2023-07-10 16:54:43,523[0m - [32mINFO[0m - [37m[MainThread] UM.PluginRegistry.loadPlugin [493]: Loaded plugin VersionUpgrade41to42 1.0.0[0m
[35m2023-07-10 16:54:43,527[0m - [32mINFO[0m - [37m[MainThread] UM.PluginRegistry.loadPlugin [493]: Loaded plugin VersionUpgrade47to48 1.0.0[0m
[35m2023-07-10 16:54:43,532[0m - [32mINFO[0m - [37m[MainThread] UM.PluginRegistry.loadPlugin [493]: Loaded plugin VersionUpgrade53to54 1.0.0[0m
[35m2023-07-10 16:54:43,536[0m - [32mINFO[0m - [37m[MainThread] UM.PluginRegistry.loadPlugin [493]: Loaded plugin VersionUpgrade35to40 1.0.0[0m
[35m2023-07-10 16:54:43,541[0m - [32mINFO[0m - [37m[MainThread] UM.PluginRegistry.loadPlugin [493]: Loaded plugin VersionUpgrade34to35 1.0.1[0m
[35m2023-07-10 16:54:43,546[0m - [32mINFO[0m - [37m[MainThread] UM.PluginRegistry.loadPlugin [493]: Loaded plugin VersionUpgrade40to41 1.0.1[0m
[35m2023-07-10 16:54:43,551[0m - [32mINFO[0m - [37m[MainThread] UM.PluginRegistry.loadPlugin [493]: Loaded plugin VersionUpgrade48to49 1.0.0[0m
[35m2023-07-10 16:54:43,556[0m - [32mINFO[0m - [37m[MainThread] UM.PluginRegistry.loadPlugin [493]: Loaded plugin VersionUpgrade43to44 1.0.0[0m
[35m2023-07-10 16:54:43,561[0m - [32mINFO[0m - [37m[MainThread] UM.PluginRegistry.loadPlugin [493]: Loaded plugin VersionUpgrade44to45 1.0.0[0m
[35m2023-07-10 16:54:43,566[0m - [32mINFO[0m - [37m[MainThread] UM.PluginRegistry.loadPlugin [493]: Loaded plugin VersionUpgrade30to31 1.0.1[0m
[35m2023-07-10 16:54:43,571[0m - [32mINFO[0m - [37m[MainThread] UM.PluginRegistry.loadPlugin [493]: Loaded plugin VersionUpgrade33to34 1.0.1[0m
[35m2023-07-10 16:54:43,577[0m - [32mINFO[0m - [37m[MainThread] UM.PluginRegistry.loadPlugin [493]: Loaded plugin VersionUpgrade460to462 1.0.0[0m
[35m2023-07-10 16:54:43,582[0m - [32mINFO[0m - [37m[MainThread] UM.PluginRegistry.loadPlugin [493]: Loaded plugin VersionUpgrade462to47 1.0.0[0m
[35m2023-07-10 16:54:43,587[0m - [32mINFO[0m - [37m[MainThread] UM.PluginRegistry.loadPlugin [493]: Loaded plugin VersionUpgrade26to27 1.0.1[0m
[35m2023-07-10 16:54:43,592[0m - [32mINFO[0m - [37m[MainThread] UM.PluginRegistry.loadPlugin [493]: Loaded plugin VersionUpgrade27to30 1.0.1[0m
[35m2023-07-10 16:54:43,597[0m - [32mINFO[0m - [37m[MainThread] UM.PluginRegistry.loadPlugin [493]: Loaded plugin VersionUpgrade45to46 1.0.0[0m
[35m2023-07-10 16:54:43,602[0m - [32mINFO[0m - [37m[MainThread] UM.PluginRegistry.loadPlugin [493]: Loaded plugin VersionUpgrade32to33 1.0.1[0m
[35m2023-07-10 16:54:43,606[0m - [32mINFO[0m - [37m[MainThread] UM.PluginRegistry.loadPlugin [493]: Loaded plugin VersionUpgrade413to50 1.0.0[0m
[35m2023-07-10 16:54:43,612[0m - [32mINFO[0m - [37m[MainThread] UM.PluginRegistry.loadPlugin [493]: Loaded plugin VersionUpgrade25to26 1.0.1[0m
[35m2023-07-10 16:54:43,618[0m - [32mINFO[0m - [37m[MainThread] UM.PluginRegistry.loadPlugin [493]: Loaded plugin VersionUpgrade22to24 1.0.1[0m
[35m2023-07-10 16:54:43,622[0m - [32mINFO[0m - [37m[MainThread] UM.PluginRegistry.loadPlugin [493]: Loaded plugin VersionUpgrade49to410 1.0.0[0m
[35m2023-07-10 16:54:43,627[0m - [32mINFO[0m - [37m[MainThread] UM.PluginRegistry.loadPlugin [493]: Loaded plugin VersionUpgrade411to412 1.0.0[0m
/opt/ultimaker-cura/share/cura/plugins/UM3NetworkPrinting/src/ExportFileJob.py:31: DeprecationWarning: invalid escape sequence '\w'
  job_name = re.sub("[^\w\-. ()]", "-", job_name)
[35m2023-07-10 16:54:43,723[0m - [32mINFO[0m - [37m[MainThread] UM.PluginRegistry.loadPlugin [493]: Loaded plugin UM3NetworkPrinting 2.0.0[0m
[35m2023-07-10 16:54:43,728[0m - [32mINFO[0m - [37m[MainThread] UM.PluginRegistry.loadPlugin [493]: Loaded plugin GCodeGzReader 1.0.1[0m
[35m2023-07-10 16:54:43,756[0m - [32mINFO[0m - [37m[MainThread] UM.PluginRegistry.loadPlugin [493]: Loaded plugin 3MFReader 1.0.1[0m
/opt/ultimaker-cura/share/cura/plugins/USBPrinting/USBPrinterOutputDevice.py:280: DeprecationWarning: invalid escape sequence '\d'
  if re.search(b"[B|T\d*]: ?\d+\.?\d*", line):  # Temperature message. 'T:' for extruder and 'B:' for bed
[35m2023-07-10 16:54:43,777[0m - [32mINFO[0m - [37m[MainThread] UM.PluginRegistry.loadPlugin [493]: Loaded plugin USBPrinting 1.0.2[0m
[35m2023-07-10 16:54:43,797[0m - [32mINFO[0m - [37m[MainThread] UM.PluginRegistry.loadPlugin [493]: Loaded plugin SimulationView 1.0.1[0m
[35m2023-07-10 16:54:43,803[0m - [32mINFO[0m - [37m[MainThread] UM.PluginRegistry.loadPlugin [493]: Loaded plugin SupportEraser 1.0.1[0m
[35m2023-07-10 16:54:43,811[0m - [32mINFO[0m - [37m[MainThread] UM.PluginRegistry.loadPlugin [493]: Loaded plugin SolidView 1.0.1[0m
[35m2023-07-10 16:54:43,816[0m - [32mINFO[0m - [37m[MainThread] UM.PluginRegistry.loadPlugin [493]: Loaded plugin MachineSettingsAction 1.0.1[0m
[35m2023-07-10 16:54:43,823[0m - [32mINFO[0m - [37m[MainThread] UM.PluginRegistry.loadPlugin [493]: Loaded plugin SliceInfoPlugin 1.0.1[0m
[35m2023-07-10 16:54:43,858[0m - [36mDEBUG[0m - [37m[MainThread] cura.OAuth2.AuthorizationService.getAccessToken [145]: No auth data to retrieve the access_token from[0m
[35m2023-07-10 16:54:43,858[0m - [36mDEBUG[0m - [37m[MainThread] cura.UltimakerCloud.UltimakerCloudScope.requestHook [30]: User is not logged in for Cloud API request to https://api.ultimaker.com/cura-packages/v1/cura/v8.4.0/packages/package-updates?installed_packages=GenericPLA:1.4.0&installed_packages=GenericPVA:1.4.0&installed_packages=UltimakerTPLA:1.4.0&installed_packages=GenericCPE:1.4.0&installed_packages=UltimakerPLA:1.4.0&installed_packages=FABtotumABS:1.4.0&installed_packages=GenericTPU:1.4.0&installed_packages=UltimakerBAM:1.4.0&installed_packages=GenericCFFCPE:1.4.0&installed_packages=GenericPP:1.4.0&installed_packages=VertexDeltaPET:1.4.0&installed_packages=UltimakerPC:1.4.0&installed_packages=UltimakerPP:1.4.0&installed_packages=UltimakerCPEP:1.4.0&installed_packages=FABtotumTPU:1.4.0&installed_packages=GenericHIPS:1.4.0&installed_packages=PolyWoodPLA:1.0.1&installed_packages=UltimakerABS:1.4.0&installed_packages=PolyFlexPLA:1.0.1&installed_packages=GenericPC:1.4.0&installed_packages=GenericToughPLA:1.4.0&installed_packages=VertexDeltaPLA:1.4.0&installed_packages=FiberlogyHDPLA:1.0.1&installed_packages=PolyMaxPLA:1.0.1&installed_packages=UltimakerPVA:1.4.0&installed_packages=GenericBAM:1.4.0&installed_packages=GenericNylon:1.4.0&installed_packages=GenericPETG:1.4.0&installed_packages=IMADE3DJellyBOXPLA:1.0.1&installed_packages=FABtotumPLA:1.4.0&installed_packages=DagomaChromatikPLA:1.0.1&installed_packages=VertexDeltaTPU:1.4.0&installed_packages=VertexDeltaABS:1.4.0&installed_packages=UltimakerCPE:1.4.0&installed_packages=FABtotumNylon:1.4.0&installed_packages=Filo3DPLA:1.0.1&installed_packages=PolyPlusPLA:1.0.1&installed_packages=GenericCPEPlus:1.4.0&installed_packages=IMADE3DJellyBOXPETG:1.0.1&installed_packages=GenericGFFCPE:1.4.0&installed_packages=GenericABS:1.4.0&installed_packages=GenericGFFPA:1.4.0&installed_packages=GenericCFFPA:1.4.0&installed_packages=UltimakerNylon:1.4.0&installed_packages=UltimakerTPU:1.4.0&installed_packages=OctofiberPLA:1.0.1&installed_packages=SentryLogger:1.0.0&installed_packages=VersionUpgrade49to410:1.0.0&installed_packages=UFPReader:1.0.0&installed_packages=VersionUpgrade41to42:1.0.0&installed_packages=DigitalLibrary:1.1.0&installed_packages=UpdateChecker:1.0.1&installed_packages=VersionUpgrade21to22:1.0.1&installed_packages=TranslateTool:1.0.1&installed_packages=VersionUpgrade27to30:1.0.1&installed_packages=AMFReader:1.0.0&installed_packages=PerObjectSettingsTool:1.0.1&installed_packages=VersionUpgrade34to35:1.0.1&installed_packages=VersionUpgrade43to44:1.0.0&installed_packages=SimulationView:1.0.1&installed_packages=MachineSettingsAction:1.0.1&installed_packages=VersionUpgrade42to43:1.0.0&installed_packages=VersionUpgrade44to45:1.0.0&installed_packages=LegacyProfileReader:1.0.1&installed_packages=MoonrakerConnection:1.7.1&installed_packages=SelectionTool:1.0.1&installed_packages=GCodeGzWriter:1.0.1&installed_packages=MirrorTool:1.0.1&installed_packages=OBJWriter:1.0.1&installed_packages=CuraDrive:1.2.0&installed_packages=USBPrinting:1.0.2&installed_packages=STLWriter:1.0.1&installed_packages=VersionUpgrade413to50:1.0.0&installed_packages=MonitorStage:1.0.1&installed_packages=SliceInfoPlugin:1.0.1&installed_packages=3MFWriter:1.0.1&installed_packages=XMLMaterialProfile:1.0.1&installed_packages=FirmwareUpdateChecker:1.0.1&installed_packages=CameraTool:1.0.1&installed_packages=SimpleView:1.0.1&installed_packages=VersionUpgrade47to48:1.0.0&installed_packages=ModelChecker:1.0.1&installed_packages=FileLogger:1.0.1&installed_packages=VersionUpgrade48to49:1.0.0&installed_packages=VersionUpgrade25to26:1.0.1&installed_packages=LocalFileOutputDevice:1.0.1&installed_packages=3MFReader:1.0.1&installed_packages=UFPWriter:1.0.1&installed_packages=PreviewStage:1.0.1&installed_packages=VersionUpgrade32to33:1.0.1&installed_packages=UltimakerMachineActions:1.0.1&installed_packages=OBJReader:1.0.1&installed_packages=PrepareStage:1.0.1&installed_packages=VersionUpgrade460to462:1.0.0&installed_packages=TrimeshReader:1.0.0&installed_packages=VersionUpgrade22to24:1.0.1&installed_packages=VersionUpgrade33to34:1.0.1&installed_packages=VersionUpgrade40to41:1.0.1&installed_packages=LocalContainerProvider:1.0.1&installed_packages=VersionUpgrade30to31:1.0.1&installed_packages=UM3NetworkPrinting:1.0.1&installed_packages=RotateTool:1.0.1&installed_packages=GCodeGzReader:1.0.1&installed_packages=PostProcessingPlugin:2.2.1&installed_packages=ConsoleLogger:1.0.1&installed_packages=GCodeWriter:1.0.1&installed_packages=FirmwareUpdater:1.0.1&installed_packages=GCodeProfileReader:1.0.1&installed_packages=GCodeReader:1.0.1&installed_packages=CuraProfileReader:1.0.1&installed_packages=ScaleTool:1.0.1&installed_packages=VersionUpgrade52to53:1.0.0&installed_packages=CustomJobPrefix:3.7.0&installed_packages=VersionUpgrade35to40:1.0.0&installed_packages=VersionUpgrade26to27:1.0.1&installed_packages=XRayView:1.0.1&installed_packages=CuraEngineBackend:1.0.1&installed_packages=CuraProfileWriter:1.0.1&installed_packages=SolidView:1.0.1&installed_packages=VersionUpgrade411to412:1.0.0&installed_packages=SupportEraser:1.0.1&installed_packages=STLReader:1.0.1&installed_packages=VersionUpgrade45to46:1.0.0&installed_packages=RemovableDriveOutputDevice:1.0.1&installed_packages=VersionUpgrade462to47:1.0.0&installed_packages=X3DReader:1.0.1&installed_packages=Marketplace:1.0.0&installed_packages=ImageReader:1.0.1[0m
[35m2023-07-10 16:54:43,859[0m - [32mINFO[0m - [37m[MainThread] UM.PluginRegistry.loadPlugin [493]: Loaded plugin Marketplace 1.0.0[0m
[35m2023-07-10 16:54:43,869[0m - [32mINFO[0m - [37m[MainThread] UM.PluginRegistry.loadPlugin [493]: Loaded plugin ImageReader 1.0.1[0m
[35m2023-07-10 16:54:43,876[0m - [32mINFO[0m - [37m[MainThread] UM.PluginRegistry.loadPlugin [493]: Loaded plugin PerObjectSettingsTool 1.0.1[0m
[35m2023-07-10 16:54:43,880[0m - [32mINFO[0m - [37m[MainThread] UM.PluginRegistry.loadPlugin [493]: Loaded plugin TrimeshReader 1.0.0[0m
[35m2023-07-10 16:54:43,888[0m - [32mINFO[0m - [37m[MainThread] UM.PluginRegistry.loadPlugin [493]: Loaded plugin UFPReader 1.0.0[0m
[35m2023-07-10 16:54:43,895[0m - [32mINFO[0m - [37m[MainThread] UM.PluginRegistry.loadPlugin [493]: Loaded plugin PostProcessingPlugin 2.2.1[0m
[35m2023-07-10 16:54:43,899[0m - [32mINFO[0m - [37m[MainThread] UM.PluginRegistry.loadPlugin [493]: Loaded plugin CuraProfileWriter 1.0.1[0m
[35m2023-07-10 16:54:43,904[0m - [32mINFO[0m - [37m[MainThread] UM.PluginRegistry.loadPlugin [493]: Loaded plugin MonitorStage 1.0.1[0m
[35m2023-07-10 16:54:43,908[0m - [32mINFO[0m - [37m[MainThread] UM.PluginRegistry.loadPlugin [493]: Loaded plugin GCodeProfileReader 1.0.1[0m
[35m2023-07-10 16:54:43,912[0m - [32mINFO[0m - [37m[MainThread] UM.PluginRegistry.loadPlugin [493]: Loaded plugin PrepareStage 1.0.1[0m
[35m2023-07-10 16:54:43,917[0m - [32mINFO[0m - [37m[MainThread] UM.PluginRegistry.loadPlugin [493]: Loaded plugin ModelChecker 1.0.1[0m
[35m2023-07-10 16:54:43,924[0m - [32mINFO[0m - [37m[MainThread] UM.PluginRegistry.loadPlugin [493]: Loaded plugin FirmwareUpdateChecker 1.0.1[0m
[35m2023-07-10 16:54:43,929[0m - [32mINFO[0m - [37m[MainThread] UM.PluginRegistry.loadPlugin [493]: Loaded plugin XRayView 1.0.1[0m
[35m2023-07-10 16:54:43,934[0m - [32mINFO[0m - [37m[MainThread] UM.PluginRegistry.loadPlugin [493]: Loaded plugin LegacyProfileReader 1.0.1[0m
[35m2023-07-10 16:54:43,942[0m - [32mINFO[0m - [37m[MainThread] UM.PluginRegistry.loadPlugin [493]: Loaded plugin RemovableDriveOutputDevice 1.0.1[0m
[35m2023-07-10 16:54:43,947[0m - [32mINFO[0m - [37m[MainThread] UM.PluginRegistry.loadPlugin [493]: Loaded plugin CuraProfileReader 1.0.1[0m
[35m2023-07-10 16:54:43,959[0m - [32mINFO[0m - [37m[MainThread] UM.PluginRegistry.loadPlugin [493]: Loaded plugin CuraDrive 1.2.0[0m
[35m2023-07-10 16:54:43,968[0m - [32mINFO[0m - [37m[MainThread] UM.PluginRegistry.loadPlugin [493]: Loaded plugin 3MFWriter 1.0.1[0m
[35m2023-07-10 16:54:43,973[0m - [32mINFO[0m - [37m[MainThread] UM.PluginRegistry.loadPlugin [493]: Loaded plugin UltimakerMachineActions 1.0.1[0m
[35m2023-07-10 16:54:43,979[0m - [32mINFO[0m - [37m[MainThread] UM.PluginRegistry.loadPlugin [493]: Loaded plugin UFPWriter 1.0.1[0m
[35m2023-07-10 16:54:43,997[0m - [32mINFO[0m - [37m[MainThread] UM.PluginRegistry.loadPlugin [493]: Loaded plugin XmlMaterialProfile 1.0.1[0m
[35m2023-07-10 16:54:44,002[0m - [32mINFO[0m - [37m[MainThread] UM.PluginRegistry.loadPlugin [493]: Loaded plugin PreviewStage 1.0.1[0m
[35m2023-07-10 16:54:44,014[0m - [32mINFO[0m - [37m[MainThread] UM.PluginRegistry.loadPlugin [493]: Loaded plugin GCodeReader 1.0.1[0m
[35m2023-07-10 16:54:44,027[0m - [32mINFO[0m - [37m[MainThread] UM.PluginRegistry.loadPlugin [493]: Loaded plugin X3DReader 1.0.1[0m
[35m2023-07-10 16:54:44,032[0m - [32mINFO[0m - [37m[MainThread] UM.PluginRegistry.loadPlugin [493]: Loaded plugin GCodeWriter 1.0.1[0m
[35m2023-07-10 16:54:44,036[0m - [32mINFO[0m - [37m[MainThread] UM.PluginRegistry.loadPlugin [493]: Loaded plugin GCodeGzWriter 1.0.1[0m
[35m2023-07-10 16:54:44,042[0m - [32mINFO[0m - [37m[MainThread] UM.PluginRegistry.loadPlugin [493]: Loaded plugin AMFReader 1.0.0[0m
[35m2023-07-10 16:54:44,051[0m - [32mINFO[0m - [37m[MainThread] UM.PluginRegistry.loadPlugin [493]: Loaded plugin CustomJobPrefix 3.7.0[0m
[35m2023-07-10 16:54:44,089[0m - [36mDEBUG[0m - [37m[MainThread] MoonrakerConnection.register [16]: MoonrakerOutputDevicePlugin version: 1.7.0[0m
[35m2023-07-10 16:54:44,090[0m - [36mDEBUG[0m - [37m[MainThread] MoonrakerConnection.MoonrakerOutputDevicePlugin.__init__ [12]: Initialising plugin.[0m
[35m2023-07-10 16:54:44,091[0m - [32mINFO[0m - [37m[MainThread] UM.PluginRegistry.loadPlugin [493]: Loaded plugin MoonrakerConnection 1.7.0[0m
[35m2023-07-10 16:54:44,093[0m - [36mDEBUG[0m - [37m[MainThread] UM.PluginRegistry.loadPlugins [416]: Loading all plugins took 0.9069919586181641 seconds[0m
[35m2023-07-10 16:54:44,096[0m - [32mINFO[0m - [37m[MainThread] UM.VersionUpgradeManager.upgrade [163]: Looking for old configuration files to upgrade.[0m
[35m2023-07-10 16:54:44,147[0m - [33mWARNING[0m - [37m[MainThread] UM.VersionUpgradeManager._getUpgradeTasks [334]: Failed to get file version: ../generic_pla_175+%232.xml.fdm_material, skip it[0m
[35m2023-07-10 16:54:44,159[0m - [32mINFO[0m - [37m[MainThread] UM.VersionUpgradeManager.upgrade [177]: Checking and performing updates took 0.06311488151550293[0m
[35m2023-07-10 16:54:44,167[0m - [32mINFO[0m - [37m[MainThread] UM.Qt.QtApplication.startSplashWindowPhase [266]: Completed loading preferences.[0m
[35m2023-07-10 16:54:44,173[0m - [32mINFO[0m - [37m[MainThread] UM.Qt.QtApplication.startSplashWindowPhase [304]: Created system tray icon.[0m
[35m2023-07-10 16:54:45,237[0m - [36mDEBUG[0m - [37m[MainThread] UM.Settings.ContainerRegistry.loadAllMetadata [556]: Loading metadata into container registry took 1.0596649646759033 seconds[0m
[35m2023-07-10 16:54:45,252[0m - [36mDEBUG[0m - [37m[MainThread] cura.Scene.CuraSceneController.setActiveBuildPlate [142]: Selected build plate: 0[0m
[35m2023-07-10 16:54:45,254[0m - [36mDEBUG[0m - [37m[MainThread] cura.CuraApplication.run [832]: Using Conan managed dependencies: cura/5.4.0, pyarcus/5.2.2, standardprojectsettings/0.1.0@ultimaker/stable, sipbuildtool/0.2.3@ultimaker/stable#5fe93e51cbb2a1cb25ee4358f844cbcd, protobuf/3.21.4, zlib/1.2.12, arcus/5.2.2, cpython/3.10.4, openssl/1.1.1l, expat/2.4.1, libffi/3.2.1, mpdecimal/2.5.0, libuuid/1.0.3, libxcrypt/4.4.25, bzip2/1.0.8, gdbm/1.19, sqlite3/3.36.0, tk/8.6.10, tcl/8.6.10, fontconfig/2.13.93, freetype/2.12.1, libpng/1.6.37, brotli/1.0.9, xorg/system, ncurses/6.2, xz_utils/5.2.5, curaengine/5.4.0, clipper/6.4.2, boost/1.79.0, rapidjson/1.1.0, stb/20200203, spdlog/1.10.0, fmt/9.0.0, range-v3/0.12.0, scripta/0.1.0@ultimaker/testing, pysavitar/5.2.2, savitar/5.2.2, pugixml/1.12.1, pynest2d/5.2.2, nest2d/5.2.2, nlopt/2.7.0, uranium/5.4.0, cura_binary_data/5.4.0, fdm_materials/5.4.0[0m
[35m2023-07-10 16:54:45,254[0m - [32mINFO[0m - [37m[MainThread] cura.CuraApplication.run [837]: Initializing machine error checker[0m
[35m2023-07-10 16:54:45,537[0m - [32mINFO[0m - [37m[MainThread] cura.UI.MachineActionManager.addDefaultMachineActions [74]: Default machine actions added for machine definition [sovol_sv06_plus][0m
[35m2023-07-10 16:54:45,994[0m - [32mINFO[0m - [37m[MainThread] cura.Settings.GlobalStack.addExtruder [190]: Extruder[sovol_planetary_extruder_0 #2] added to [sv6p] at position [0][0m
[35m2023-07-10 16:54:45,995[0m - [32mINFO[0m - [37m[MainThread] FirmwareUpdateChecker.FirmwareUpdateChecker.checkFirmwareVersion [79]: No machine with name Sovol-SV06 Plus in list of firmware to check.[0m
[35m2023-07-10 16:54:47,150[0m - [36mDEBUG[0m - [37m[MainThread] cura.Machines.ContainerTree.__getitem__ [120]: Adding container tree for sovol_sv06_plus took 0.8461263179779053 seconds.[0m
/opt/ultimaker-cura/share/cura/plugins/PostProcessingPlugin/Script.py:125: DeprecationWarning: invalid escape sequence '\.'
  m = re.search('^-?[0-9]+\.?[0-9]*', sub_part)
[35m2023-07-10 16:54:47,162[0m - [36mDEBUG[0m - [37m[MainThread] PostProcessingPlugin.PostProcessingPlugin.loadScripts [212]: Begin loading of script: ChangeAtZ[0m
[35m2023-07-10 16:54:47,165[0m - [36mDEBUG[0m - [37m[MainThread] PostProcessingPlugin.PostProcessingPlugin.loadScripts [212]: Begin loading of script: ColorMix[0m
[35m2023-07-10 16:54:47,166[0m - [36mDEBUG[0m - [37m[MainThread] PostProcessingPlugin.PostProcessingPlugin.loadScripts [212]: Begin loading of script: CreateThumbnail[0m
[35m2023-07-10 16:54:47,168[0m - [36mDEBUG[0m - [37m[MainThread] PostProcessingPlugin.PostProcessingPlugin.loadScripts [212]: Begin loading of script: DisplayFilenameAndLayerOnLCD[0m
[35m2023-07-10 16:54:47,170[0m - [36mDEBUG[0m - [37m[MainThread] PostProcessingPlugin.PostProcessingPlugin.loadScripts [212]: Begin loading of script: DisplayProgressOnLCD[0m
[35m2023-07-10 16:54:47,171[0m - [36mDEBUG[0m - [37m[MainThread] PostProcessingPlugin.PostProcessingPlugin.loadScripts [212]: Begin loading of script: FilamentChange[0m
[35m2023-07-10 16:54:47,173[0m - [36mDEBUG[0m - [37m[MainThread] PostProcessingPlugin.PostProcessingPlugin.loadScripts [212]: Begin loading of script: InsertAtLayerChange[0m
[35m2023-07-10 16:54:47,177[0m - [36mDEBUG[0m - [37m[MainThread] PostProcessingPlugin.PostProcessingPlugin.loadScripts [212]: Begin loading of script: PauseAtHeight[0m
[35m2023-07-10 16:54:47,179[0m - [36mDEBUG[0m - [37m[MainThread] PostProcessingPlugin.PostProcessingPlugin.loadScripts [212]: Begin loading of script: RetractContinue[0m
[35m2023-07-10 16:54:47,180[0m - [36mDEBUG[0m - [37m[MainThread] PostProcessingPlugin.PostProcessingPlugin.loadScripts [212]: Begin loading of script: SearchAndReplace[0m
[35m2023-07-10 16:54:47,185[0m - [36mDEBUG[0m - [37m[MainThread] PostProcessingPlugin.PostProcessingPlugin.loadScripts [212]: Begin loading of script: Stretch[0m
[35m2023-07-10 16:54:47,187[0m - [36mDEBUG[0m - [37m[MainThread] PostProcessingPlugin.PostProcessingPlugin.loadScripts [212]: Begin loading of script: TimeLapse[0m
[35m2023-07-10 16:54:47,188[0m - [36mDEBUG[0m - [37m[MainThread] PostProcessingPlugin.PostProcessingPlugin.loadScripts [212]: Begin loading of script: UsePreviousProbeMeasurements[0m
[35m2023-07-10 16:54:47,189[0m - [36mDEBUG[0m - [37m[MainThread] MoonrakerConnection.MoonrakerOutputDevicePlugin._checkMoonrakerOutputDevice [25]: Check current MoonrakerOutputDevice.[0m
[35m2023-07-10 16:54:47,191[0m - [32mINFO[0m - [37m[MainThread] cura.CuraApplication.run [842]: Initializing machine manager[0m
[35m2023-07-10 16:54:47,194[0m - [32mINFO[0m - [37m[MainThread] cura.CuraApplication.run [847]: Initializing container manager[0m
[35m2023-07-10 16:54:47,209[0m - [36mDEBUG[0m - [37m[MainThread] cura.OAuth2.AuthorizationService.loadAuthDataFromPreferences [258]: Attempting to load the auth data from preferences.[0m
[35m2023-07-10 16:54:47,211[0m - [33mWARNING[0m - [37m[MainThread] UM.OutputDevice.OutputDeviceManager.removeOutputDevice [235]: Could not find output device with id digital_factory to remove[0m
[35m2023-07-10 16:54:47,217[0m - [36mDEBUG[0m - [37m[MainThread] MoonrakerConnection.MoonrakerOutputDevicePlugin.start [19]: Starting plugin.[0m
[35m2023-07-10 16:54:47,225[0m - [36mDEBUG[0m - [37m[MainThread] UM.Scene.Camera._preferencesChanged [255]: Changing perspective mode to perspective.[0m
[35m2023-07-10 16:54:47,265[0m - [36mDEBUG[0m - [37m[MainThread] UM.Qt.Bindings.Theme.load [188]: Loading theme file: /opt/ultimaker-cura/share/cura/resources/themes/cura-dark/theme.json[0m
[35m2023-07-10 16:54:47,266[0m - [36mDEBUG[0m - [37m[MainThread] UM.Qt.Bindings.Theme.load [188]: Loading theme file: /opt/ultimaker-cura/share/cura/resources/themes/cura-light/theme.json[0m
[35m2023-07-10 16:54:47,283[0m - [36mDEBUG[0m - [37m[MainThread] UM.Qt.Bindings.Theme.load [323]: Loaded theme /opt/ultimaker-cura/share/cura/resources/themes/cura-light[0m
[35m2023-07-10 16:54:47,283[0m - [32mINFO[0m - [37m[MainThread] UM.Qt.Bindings.Theme.load [324]: System's em size is 15px.[0m
[35m2023-07-10 16:54:47,285[0m - [36mDEBUG[0m - [37m[MainThread] UM.Qt.Bindings.Theme.load [323]: Loaded theme /opt/ultimaker-cura/share/cura/resources/themes/cura-dark[0m
[35m2023-07-10 16:54:47,285[0m - [32mINFO[0m - [37m[MainThread] UM.Qt.Bindings.Theme.load [324]: System's em size is 15px.[0m
[35m2023-07-10 16:54:47,531[0m - [36mDEBUG[0m - [37m[MainThread] PostProcessingPlugin.PostProcessingPlugin._createView [350]: Creating post processing plugin view.[0m
[35m2023-07-10 16:54:47,613[0m - [36mDEBUG[0m - [37m[MainThread] PostProcessingPlugin.PostProcessingPlugin._createView [360]: Post processing view created.[0m
[35m2023-07-10 16:54:47,807[0m - [33mWARNING[0m - [37m[MainThread] UM.Qt.QtApplication.__onQmlWarning [444]: file:///opt/ultimaker-cura/PyQt6/Qt6/qml/UM/MenuItem.qml:19:5: QML Shortcut: Shortcut: Only binding to one of multiple key bindings associated with 7. Use 'sequences: [ <key> ]' to bind to all of them.[0m
[35m2023-07-10 16:54:47,826[0m - [33mWARNING[0m - [37m[MainThread] UM.Qt.QtApplication.__onQmlWarning [444]: file:///opt/ultimaker-cura/share/cura/resources/qml/Settings/SettingView.qml:40:9: QML TextField: Binding loop detected for property "implicitHeight"[0m
[35m2023-07-10 16:54:47,827[0m - [33mWARNING[0m - [37m[MainThread] UM.Qt.QtApplication.__onQmlWarning [444]: file:///opt/ultimaker-cura/share/cura/resources/qml/Settings/SettingView.qml:40:9: QML TextField: Binding loop detected for property "implicitHeight"[0m
[35m2023-07-10 16:54:47,882[0m - [33mWARNING[0m - [37m[MainThread] UM.Qt.QtApplication.__onQmlWarning [444]: file:///opt/ultimaker-cura/PyQt6/Qt6/qml/UM/MenuItem.qml:19:5: QML Shortcut: Shortcut: Only binding to one of multiple key bindings associated with 7. Use 'sequences: [ <key> ]' to bind to all of them.[0m
[35m2023-07-10 16:54:47,885[0m - [33mWARNING[0m - [37m[MainThread] UM.Qt.QtApplication.__onQmlWarning [444]: file:///opt/ultimaker-cura/PyQt6/Qt6/qml/UM/MenuItem.qml:19:5: QML Shortcut: Shortcut: Only binding to one of multiple key bindings associated with 11. Use 'sequences: [ <key> ]' to bind to all of them.[0m
[35m2023-07-10 16:54:48,083[0m - [36mDEBUG[0m - [37m[MainThread] cura.Machines.Models.NozzleModel._update [28]: Updating NozzleModel.[0m
[35m2023-07-10 16:54:48,516[0m - [33mWARNING[0m - [37m[MainThread] UM.Qt.QtApplication.__onQmlWarning [444]: file:///opt/ultimaker-cura/share/cura/resources/qml/Menus/SettingsMenu.qml:22:9: QML Menu: Binding loop detected for property "width"[0m
[35m2023-07-10 16:54:48,583[0m - [33mWARNING[0m - [37m[MainThread] UM.Qt.QtApplication.__onQmlWarning [444]: file:///opt/ultimaker-cura/share/cura/resources/qml/Cura.qml:631: TypeError: Cannot read property 'ExistingFile' of undefined[0m
[35m2023-07-10 16:54:48,597[0m - [36mDEBUG[0m - [37m[MainThread] CustomJobPrefix.CustomJobPrefix._createAdditionalComponentsView [49]: Creating additional ui components for CustomJobPrefix[0m
[35m2023-07-10 16:54:48,602[0m - [36mDEBUG[0m - [37m[MainThread] UM.Controller.setActiveStage [180]: Setting active stage to PrepareStage[0m
[35m2023-07-10 16:54:48,657[0m - [36mDEBUG[0m - [37m[MainThread] cura.Machines.Models.NozzleModel._update [28]: Updating NozzleModel.[0m
[35m2023-07-10 16:54:49,065[0m - [36mDEBUG[0m - [37m[MainThread] UM.Controller.setActiveView [108]: Setting active view to SolidView[0m
[35m2023-07-10 16:54:49,069[0m - [36mDEBUG[0m - [37m[MainThread] SliceInfoPlugin.SliceInfo._createDialog [76]: Creating dialog [MoreInfoWindow.qml][0m
[35m2023-07-10 16:54:49,089[0m - [36mDEBUG[0m - [37m[MainThread] ModelChecker.ModelChecker._createView [118]: Creating model checker view.[0m
[35m2023-07-10 16:54:49,091[0m - [36mDEBUG[0m - [37m[MainThread] ModelChecker.ModelChecker._createView [127]: Model checker view created.[0m
[35m2023-07-10 16:54:49,709[0m - [36mDEBUG[0m - [37m[MainThread] cura.CuraApplication.run [888]: Booting Cura took 6.754706382751465 seconds[0m
[35m2023-07-10 16:54:49,710[0m - [36mDEBUG[0m - [37m[JobQueueWorker [0]] cura.Machines.ContainerTree.run [174]: Started background loading of MachineNodes[0m
[35m2023-07-10 16:54:49,722[0m - [36mDEBUG[0m - [37m[MainThread] cura.Machines.Models.CustomQualityProfilesDropDownMenuModel._update [33]: Updating CustomQualityProfilesDropDownMenuModel.[0m
[35m2023-07-10 16:54:49,734[0m - [32mINFO[0m - [37m[MainThread] FirmwareUpdateChecker.FirmwareUpdateChecker.checkFirmwareVersion [79]: No machine with name Creality Ender-3 Pro in list of firmware to check.[0m
[35m2023-07-10 16:54:49,734[0m - [36mDEBUG[0m - [37m[MainThread] cura.Machines.Models.CustomQualityProfilesDropDownMenuModel._update [33]: Updating CustomQualityProfilesDropDownMenuModel.[0m
[35m2023-07-10 16:54:49,736[0m - [32mINFO[0m - [37m[MainThread] FirmwareUpdateChecker.FirmwareUpdateChecker.checkFirmwareVersion [79]: No machine with name Creality Ender-3 S1 Pro in list of firmware to check.[0m
[35m2023-07-10 16:54:49,739[0m - [36mDEBUG[0m - [37m[MainThread] cura.Machines.MachineErrorChecker._rescheduleCheck [164]: New error check scheduled.[0m
[35m2023-07-10 16:54:49,740[0m - [36mDEBUG[0m - [37m[MainThread] cura.Machines.Models.IntentSelectionModel._update [73]: Updating IntentSelectionModel.[0m
[35m2023-07-10 16:54:49,757[0m - [36mDEBUG[0m - [37m[MainThread] cura.Machines.Models.CustomQualityProfilesDropDownMenuModel._update [33]: Updating CustomQualityProfilesDropDownMenuModel.[0m
[35m2023-07-10 16:54:50,009[0m - [36mDEBUG[0m - [37m[MainThread] cura.Machines.Models.IntentSelectionModel._update [73]: Updating IntentSelectionModel.[0m
[35m2023-07-10 16:54:50,010[0m - [36mDEBUG[0m - [37m[MainThread] cura.Machines.Models.IntentSelectionModel._update [73]: Updating IntentSelectionModel.[0m
[35m2023-07-10 16:54:50,018[0m - [36mDEBUG[0m - [37m[MainThread] cura.Machines.Models.IntentSelectionModel._update [73]: Updating IntentSelectionModel.[0m
[35m2023-07-10 16:54:50,134[0m - [36mDEBUG[0m - [37m[MainThread] cura.Machines.Models.CustomQualityProfilesDropDownMenuModel._update [33]: Updating CustomQualityProfilesDropDownMenuModel.[0m
[35m2023-07-10 16:54:51,262[0m - [36mDEBUG[0m - [37m[JobQueueWorker [0]] cura.Machines.ContainerTree.__getitem__ [120]: Adding container tree for creality_ender3pro took 1.0506420135498047 seconds.[0m
[35m2023-07-10 16:54:51,495[0m - [33mWARNING[0m - [37m[MainThread] UM.Qt.QtApplication.__onQmlWarning [444]: file:///opt/ultimaker-cura/share/cura/resources/qml/PrintSetupSelector/PrintSetupSelector.qml:28:17: QML PrintSetupSelectorHeader: Qt Quick Layouts: Polish loop detected. Aborting after two iterations.[0m
[35m2023-07-10 16:54:51,600[0m - [36mDEBUG[0m - [37m[MainThread] UM.Qt.QtRenderer._initialize [211]: Support for Vertex Array Objects: True[0m
[35m2023-07-10 16:54:51,606[0m - [36mDEBUG[0m - [37m[MainThread] UM.View.GL.OpenGL.__init__ [121]: Initialized OpenGL subsystems.[0m
[35m2023-07-10 16:54:51,606[0m - [36mDEBUG[0m - [37m[MainThread] UM.View.GL.OpenGL.__init__ [122]: OpenGL Version:  4.1.0 NVIDIA 535.54.03[0m
[35m2023-07-10 16:54:51,607[0m - [36mDEBUG[0m - [37m[MainThread] UM.View.GL.OpenGL.__init__ [123]: OpenGL Vendor:   NVIDIA Corporation[0m
[35m2023-07-10 16:54:51,607[0m - [36mDEBUG[0m - [37m[MainThread] UM.View.GL.OpenGL.__init__ [124]: OpenGL Renderer: NVIDIA GeForce GTX 980 Ti/PCIe/SSE2[0m
[35m2023-07-10 16:54:51,607[0m - [36mDEBUG[0m - [37m[MainThread] UM.View.GL.OpenGL.__init__ [125]: GLSL Version:    4.0.0[0m
[35m2023-07-10 16:54:51,608[0m - [36mDEBUG[0m - [37m[MainThread] UM.View.GL.ShaderProgram.load [61]: Loading [/opt/ultimaker-cura/share/uranium/resources/shaders/default.shader]...[0m
[35m2023-07-10 16:54:51,610[0m - [36mDEBUG[0m - [37m[MainThread] UM.View.GL.ShaderProgram.load [61]: Loading [/opt/ultimaker-cura/share/uranium/resources/shaders/selection.shader]...[0m
[35m2023-07-10 16:54:51,611[0m - [36mDEBUG[0m - [37m[MainThread] UM.View.GL.ShaderProgram.load [61]: Loading [/opt/ultimaker-cura/share/uranium/resources/shaders/select_face.shader]...[0m
[35m2023-07-10 16:54:51,612[0m - [36mDEBUG[0m - [37m[MainThread] UM.View.GL.ShaderProgram.load [61]: Loading [/opt/ultimaker-cura/share/uranium/resources/shaders/default.shader]...[0m
[35m2023-07-10 16:54:51,614[0m - [36mDEBUG[0m - [37m[MainThread] UM.View.GL.ShaderProgram.load [61]: Loading [/opt/ultimaker-cura/share/uranium/resources/shaders/composite.shader]...[0m
[35m2023-07-10 16:54:51,617[0m - [36mDEBUG[0m - [37m[MainThread] UM.View.GL.ShaderProgram.load [61]: Loading [/opt/ultimaker-cura/share/cura/resources/shaders/overhang.shader]...[0m
[35m2023-07-10 16:54:51,619[0m - [36mDEBUG[0m - [37m[MainThread] UM.View.GL.ShaderProgram.load [61]: Loading [/opt/ultimaker-cura/share/cura/resources/shaders/striped.shader]...[0m
[35m2023-07-10 16:54:51,621[0m - [36mDEBUG[0m - [37m[MainThread] UM.View.GL.ShaderProgram.load [61]: Loading [/opt/ultimaker-cura/share/cura/resources/shaders/transparent_object.shader]...[0m
[35m2023-07-10 16:54:51,622[0m - [36mDEBUG[0m - [37m[MainThread] UM.View.GL.ShaderProgram.load [61]: Loading [/opt/ultimaker-cura/share/cura/resources/shaders/striped.shader]...[0m
[35m2023-07-10 16:54:51,624[0m - [36mDEBUG[0m - [37m[MainThread] UM.View.GL.ShaderProgram.load [61]: Loading [/opt/ultimaker-cura/share/cura/resources/shaders/xray.shader]...[0m
[35m2023-07-10 16:54:51,626[0m - [36mDEBUG[0m - [37m[MainThread] UM.View.GL.ShaderProgram.load [61]: Loading [/opt/ultimaker-cura/share/cura/resources/shaders/xray_composite.shader]...[0m
[35m2023-07-10 16:54:51,628[0m - [36mDEBUG[0m - [37m[MainThread] UM.View.GL.ShaderProgram.load [61]: Loading [/opt/ultimaker-cura/share/uranium/resources/shaders/default.shader]...[0m
[35m2023-07-10 16:54:51,629[0m - [36mDEBUG[0m - [37m[MainThread] UM.View.GL.ShaderProgram.load [61]: Loading [/opt/ultimaker-cura/share/cura/resources/shaders/grid.shader]...[0m
[35m2023-07-10 16:54:51,632[0m - [36mDEBUG[0m - [37m[MainThread] UM.View.GL.ShaderProgram.load [61]: Loading [/opt/ultimaker-cura/share/uranium/resources/shaders/platform.shader]...[0m
[35m2023-07-10 16:54:51,644[0m - [36mDEBUG[0m - [37m[MainThread] UM.View.GL.ShaderProgram.load [61]: Loading [/opt/ultimaker-cura/share/cura/resources/shaders/xray.shader]...[0m
[35m2023-07-10 16:54:53,191[0m - [36mDEBUG[0m - [37m[JobQueueWorker [0]] cura.Machines.ContainerTree.__getitem__ [120]: Adding container tree for creality_ender3s1pro took 0.9203743934631348 seconds.[0m
[35m2023-07-10 16:54:53,192[0m - [36mDEBUG[0m - [37m[JobQueueWorker [0]] cura.Machines.ContainerTree.run [185]: All MachineNode loading completed[0m
[35m2023-07-10 16:54:54,389[0m - [32mINFO[0m - [37m[MainThread] cura.Machines.MachineErrorChecker._setResult [221]: Error check finished, result = False, time = 4.65s[0m
[35m2023-07-10 16:55:03,908[0m - [36mDEBUG[0m - [37m[MainThread] cura.AutoSave._onTimeout [64]: Autosaving preferences, instances and profiles took 0.012323141098022461 seconds[0m
[35m2023-07-10 16:55:22,651[0m - [32mINFO[0m - [37m[MainThread] cura.Settings.MachineManager.removeMachine [763]: Attempting to remove a machine with the id [Creality Ender-3 S1 Pro][0m
[35m2023-07-10 16:55:22,665[0m - [32mINFO[0m - [37m[MainThread] LocalContainerProvider.LocalContainerProvider.removeContainer [235]: Deleting file /home/wayne/.local/share/cura/5.4/user/Creality+Ender-3+S1+Pro_user.inst.cfg.[0m
[35m2023-07-10 16:55:22,684[0m - [36mDEBUG[0m - [37m[MainThread] UM.Settings.ContainerRegistry.removeContainer [660]: Removed container Creality Ender-3 S1 Pro_user[0m
[35m2023-07-10 16:55:22,699[0m - [32mINFO[0m - [37m[MainThread] LocalContainerProvider.LocalContainerProvider.removeContainer [235]: Deleting file /home/wayne/.local/share/cura/5.4/definition_changes/Creality+Ender-3+S1+Pro_settings.inst.cfg.[0m
[35m2023-07-10 16:55:22,712[0m - [36mDEBUG[0m - [37m[MainThread] UM.Settings.ContainerRegistry.removeContainer [660]: Removed container Creality Ender-3 S1 Pro_settings[0m
[35m2023-07-10 16:55:22,713[0m - [32mINFO[0m - [37m[MainThread] LocalContainerProvider.LocalContainerProvider.removeContainer [235]: Deleting file /home/wayne/.local/share/cura/5.4/machine_instances/Creality+Ender-3+S1+Pro.global.cfg.[0m
[35m2023-07-10 16:55:22,725[0m - [36mDEBUG[0m - [37m[MainThread] UM.Settings.ContainerRegistry.removeContainer [660]: Removed container Creality Ender-3 S1 Pro[0m
[35m2023-07-10 16:55:25,098[0m - [33mWARNING[0m - [37m[MainThread] UM.Qt.QtApplication.__onQmlWarning [444]: file:///opt/ultimaker-cura/share/cura/resources/qml/WelcomePages/AddLocalPrinterScrollView.qml:248:25: Unable to assign QString to QRegularExpression[0m
[35m2023-07-10 16:55:26,919[0m - [36mDEBUG[0m - [37m[MainThread] cura.AutoSave._onTimeout [64]: Autosaving preferences, instances and profiles took 0.026179790496826172 seconds[0m
[35m2023-07-10 17:21:46,624[0m - [32mINFO[0m - [37m[MainThread] cura.Settings.MachineManager.addMachine [426]: Trying to add a machine with the definition id [kingroon_kp3s][0m
[35m2023-07-10 17:21:46,776[0m - [33mWARNING[0m - [37m[MainThread] UM.Settings.SettingDefinition._deserialize_dict [653]: Unrecognised property comment in setting small_skin_width[0m
[35m2023-07-10 17:21:48,182[0m - [36mDEBUG[0m - [37m[MainThread] cura.Machines.ContainerTree.__getitem__ [120]: Adding container tree for kingroon_kp3s took 0.9872853755950928 seconds.[0m
[35m2023-07-10 17:21:48,301[0m - [32mINFO[0m - [37m[MainThread] cura.Settings.GlobalStack.addExtruder [190]: Extruder[kingroon_base_extruder_0 #2] added to [k3ps] at position [0][0m
[35m2023-07-10 17:21:48,400[0m - [33mWARNING[0m - [37m[MainThread] UM.Settings.SettingDefinition._deserialize_dict [653]: Unrecognised property comment in setting small_skin_width[0m
[35m2023-07-10 17:21:48,705[0m - [32mINFO[0m - [37m[MainThread] cura.UI.MachineActionManager.addDefaultMachineActions [74]: Default machine actions added for machine definition [kingroon_kp3s][0m
[35m2023-07-10 17:21:48,714[0m - [33mWARNING[0m - [37m[MainThread] cura.Settings.GlobalStack.addExtruder [185]: Extruder [kingroon_base_extruder_0 #2] has already been added to this stack [k3ps][0m
[35m2023-07-10 17:21:48,718[0m - [36mDEBUG[0m - [37m[MainThread] cura.Machines.Models.IntentSelectionModel._update [73]: Updating IntentSelectionModel.[0m
[35m2023-07-10 17:21:48,719[0m - [32mINFO[0m - [37m[MainThread] cura.CuraApplication._setLoadingHint [824]: Initializing Active Machine...[0m
[35m2023-07-10 17:21:48,774[0m - [36mDEBUG[0m - [37m[MainThread] cura.Machines.Models.IntentSelectionModel._update [73]: Updating IntentSelectionModel.[0m
[35m2023-07-10 17:21:48,776[0m - [36mDEBUG[0m - [37m[MainThread] MoonrakerConnection.MoonrakerOutputDevicePlugin._checkMoonrakerOutputDevice [25]: Check current MoonrakerOutputDevice.[0m
[35m2023-07-10 17:21:48,901[0m - [36mDEBUG[0m - [37m[MainThread] cura.Machines.Models.NozzleModel._update [28]: Updating NozzleModel.[0m
[35m2023-07-10 17:21:49,320[0m - [33mWARNING[0m - [37m[MainThread] UM.Qt.QtApplication.__onQmlWarning [444]: file:///opt/ultimaker-cura/share/cura/resources/qml/Menus/SettingsMenu.qml:22:9: QML Menu: Binding loop detected for property "width"[0m
[35m2023-07-10 17:21:49,332[0m - [36mDEBUG[0m - [37m[MainThread] cura.Machines.Models.IntentSelectionModel._update [73]: Updating IntentSelectionModel.[0m
[35m2023-07-10 17:21:49,333[0m - [36mDEBUG[0m - [37m[MainThread] cura.Machines.Models.IntentSelectionModel._update [73]: Updating IntentSelectionModel.[0m
[35m2023-07-10 17:21:49,451[0m - [36mDEBUG[0m - [37m[MainThread] cura.Machines.Models.NozzleModel._update [28]: Updating NozzleModel.[0m
[35m2023-07-10 17:21:49,496[0m - [36mDEBUG[0m - [37m[MainThread] cura.Machines.Models.NozzleModel._update [28]: Updating NozzleModel.[0m
[35m2023-07-10 17:21:49,498[0m - [36mDEBUG[0m - [37m[MainThread] cura.Machines.Models.NozzleModel._update [28]: Updating NozzleModel.[0m
[35m2023-07-10 17:21:49,514[0m - [36mDEBUG[0m - [37m[MainThread] cura.Machines.Models.IntentSelectionModel._update [73]: Updating IntentSelectionModel.[0m
[35m2023-07-10 17:21:49,535[0m - [36mDEBUG[0m - [37m[JobQueueWorker [1]] UM.Mesh.MeshData.calculateNormalsFromVertices [561]: Calculating normals took 0.0034835338592529297 seconds[0m
[35m2023-07-10 17:21:49,538[0m - [36mDEBUG[0m - [37m[JobQueueWorker [1]] STLReader.STLReader._read [68]: Loaded a mesh with 19542 vertices[0m
[35m2023-07-10 17:21:49,549[0m - [36mDEBUG[0m - [37m[MainThread] cura.Machines.Models.IntentSelectionModel._update [73]: Updating IntentSelectionModel.[0m
[35m2023-07-10 17:21:49,550[0m - [36mDEBUG[0m - [37m[MainThread] cura.Machines.Models.IntentSelectionModel._update [73]: Updating IntentSelectionModel.[0m
[35m2023-07-10 17:21:49,671[0m - [32mINFO[0m - [37m[MainThread] FirmwareUpdateChecker.FirmwareUpdateChecker.checkFirmwareVersion [79]: No machine with name Kingroon KP3S in list of firmware to check.[0m
[35m2023-07-10 17:21:50,459[0m - [36mDEBUG[0m - [37m[MainThread] cura.Machines.MachineErrorChecker._rescheduleCheck [164]: New error check scheduled.[0m
[35m2023-07-10 17:21:50,538[0m - [36mDEBUG[0m - [37m[MainThread] cura.Machines.Models.IntentSelectionModel._update [73]: Updating IntentSelectionModel.[0m
[35m2023-07-10 17:21:50,539[0m - [36mDEBUG[0m - [37m[MainThread] cura.Machines.Models.IntentSelectionModel._update [73]: Updating IntentSelectionModel.[0m
[35m2023-07-10 17:21:50,546[0m - [36mDEBUG[0m - [37m[MainThread] cura.Machines.Models.IntentSelectionModel._update [73]: Updating IntentSelectionModel.[0m
[35m2023-07-10 17:21:51,448[0m - [36mDEBUG[0m - [37m[MainThread] cura.Machines.MachineErrorChecker._checkStack [168]: Need to check for errors again. Discard the current progress and reschedule a check.[0m
[35m2023-07-10 17:21:51,835[0m - [36mDEBUG[0m - [37m[MainThread] cura.Machines.Models.CustomQualityProfilesDropDownMenuModel._update [33]: Updating CustomQualityProfilesDropDownMenuModel.[0m
[35m2023-07-10 17:21:52,841[0m - [36mDEBUG[0m - [37m[MainThread] cura.Machines.MachineErrorChecker._rescheduleCheck [164]: New error check scheduled.[0m
[35m2023-07-10 17:21:53,291[0m - [32mINFO[0m - [37m[MainThread] cura.Machines.MachineErrorChecker._setResult [221]: Error check finished, result = False, time = 0.45s[0m
[35m2023-07-10 17:21:58,969[0m - [33mWARNING[0m - [37m[MainThread] UM.Qt.QtApplication.__onQmlWarning [444]: file:///opt/ultimaker-cura/share/cura/resources/qml/WelcomePages/AddLocalPrinterScrollView.qml:248:25: Unable to assign QString to QRegularExpression[0m
[35m2023-07-10 17:22:06,931[0m - [36mDEBUG[0m - [37m[MainThread] cura.AutoSave._onTimeout [64]: Autosaving preferences, instances and profiles took 0.03579306602478027 seconds[0m
[35m2023-07-10 17:22:13,061[0m - [33mWARNING[0m - [37m[MainThread] UM.Qt.QtApplication.__onQmlWarning [444]: file:///opt/ultimaker-cura/share/cura/resources/qml/Menus/FileMenu.qml:17:5: QML MenuItem: Binding loop detected for property "contentWidth"[0m
[35m2023-07-10 17:22:13,063[0m - [33mWARNING[0m - [37m[MainThread] UM.Qt.QtApplication.__onQmlWarning [444]: file:///opt/ultimaker-cura/share/cura/resources/qml/Menus/FileMenu.qml:23:5: QML MenuItem: Binding loop detected for property "contentWidth"[0m
[35m2023-07-10 17:22:13,065[0m - [33mWARNING[0m - [37m[MainThread] UM.Qt.QtApplication.__onQmlWarning [444]: file:///opt/ultimaker-cura/share/cura/resources/qml/Menus/FileMenu.qml:41:5: QML MenuItem: Binding loop detected for property "contentWidth"[0m
[35m2023-07-10 17:22:13,067[0m - [33mWARNING[0m - [37m[MainThread] UM.Qt.QtApplication.__onQmlWarning [444]: file:///opt/ultimaker-cura/share/cura/resources/qml/Menus/FileMenu.qml:97:5: QML MenuItem: Binding loop detected for property "contentWidth"[0m
[35m2023-07-10 17:22:27,957[0m - [33mWARNING[0m - [37m[MainThread] UM.Qt.QtApplication.__onQmlWarning [444]: file:///opt/ultimaker-cura/share/cura/resources/qml/WelcomePages/AddLocalPrinterScrollView.qml:248:25: Unable to assign QString to QRegularExpression[0m
[35m2023-07-10 17:22:54,525[0m - [32mINFO[0m - [37m[MainThread] cura.Settings.MachineManager.addMachine [426]: Trying to add a machine with the definition id [sovol_sv05][0m
[35m2023-07-10 17:22:54,651[0m - [33mWARNING[0m - [37m[MainThread] UM.Settings.SettingDefinition._deserialize_dict [653]: Unrecognised property comment in setting small_skin_width[0m
[35m2023-07-10 17:22:56,324[0m - [36mDEBUG[0m - [37m[MainThread] cura.Machines.ContainerTree.__getitem__ [120]: Adding container tree for sovol_sv05 took 1.2014179229736328 seconds.[0m
[35m2023-07-10 17:22:56,448[0m - [32mINFO[0m - [37m[MainThread] cura.Settings.GlobalStack.addExtruder [190]: Extruder[sovol_titan_extruder_0 #2] added to [sv05] at position [0][0m
[35m2023-07-10 17:22:56,526[0m - [33mWARNING[0m - [37m[MainThread] UM.Settings.SettingDefinition._deserialize_dict [653]: Unrecognised property comment in setting small_skin_width[0m
[35m2023-07-10 17:22:56,842[0m - [32mINFO[0m - [37m[MainThread] cura.UI.MachineActionManager.addDefaultMachineActions [74]: Default machine actions added for machine definition [sovol_sv05][0m
[35m2023-07-10 17:22:56,852[0m - [33mWARNING[0m - [37m[MainThread] cura.Settings.GlobalStack.addExtruder [185]: Extruder [sovol_titan_extruder_0 #2] has already been added to this stack [sv05][0m
[35m2023-07-10 17:22:56,859[0m - [36mDEBUG[0m - [37m[MainThread] cura.Machines.Models.IntentSelectionModel._update [73]: Updating IntentSelectionModel.[0m
[35m2023-07-10 17:22:56,862[0m - [32mINFO[0m - [37m[MainThread] cura.CuraApplication._setLoadingHint [824]: Initializing Active Machine...[0m
[35m2023-07-10 17:22:56,915[0m - [36mDEBUG[0m - [37m[MainThread] cura.Machines.Models.IntentSelectionModel._update [73]: Updating IntentSelectionModel.[0m
[35m2023-07-10 17:22:56,917[0m - [36mDEBUG[0m - [37m[MainThread] MoonrakerConnection.MoonrakerOutputDevicePlugin._checkMoonrakerOutputDevice [25]: Check current MoonrakerOutputDevice.[0m
[35m2023-07-10 17:22:57,047[0m - [36mDEBUG[0m - [37m[MainThread] cura.Machines.Models.NozzleModel._update [28]: Updating NozzleModel.[0m
[35m2023-07-10 17:22:57,475[0m - [33mWARNING[0m - [37m[MainThread] UM.Qt.QtApplication.__onQmlWarning [444]: file:///opt/ultimaker-cura/share/cura/resources/qml/Menus/SettingsMenu.qml:22:9: QML Menu: Binding loop detected for property "width"[0m
[35m2023-07-10 17:22:57,495[0m - [36mDEBUG[0m - [37m[MainThread] cura.Machines.Models.IntentSelectionModel._update [73]: Updating IntentSelectionModel.[0m
[35m2023-07-10 17:22:57,496[0m - [36mDEBUG[0m - [37m[MainThread] cura.Machines.Models.IntentSelectionModel._update [73]: Updating IntentSelectionModel.[0m
[35m2023-07-10 17:22:57,617[0m - [36mDEBUG[0m - [37m[MainThread] cura.Machines.Models.NozzleModel._update [28]: Updating NozzleModel.[0m
[35m2023-07-10 17:22:57,619[0m - [36mDEBUG[0m - [37m[MainThread] cura.Machines.Models.NozzleModel._update [28]: Updating NozzleModel.[0m
[35m2023-07-10 17:22:57,704[0m - [36mDEBUG[0m - [37m[MainThread] cura.Machines.Models.NozzleModel._update [28]: Updating NozzleModel.[0m
[35m2023-07-10 17:22:57,726[0m - [36mDEBUG[0m - [37m[MainThread] cura.Machines.Models.IntentSelectionModel._update [73]: Updating IntentSelectionModel.[0m
[35m2023-07-10 17:22:57,755[0m - [36mDEBUG[0m - [37m[MainThread] cura.Machines.Models.IntentSelectionModel._update [73]: Updating IntentSelectionModel.[0m
[35m2023-07-10 17:22:57,757[0m - [36mDEBUG[0m - [37m[MainThread] cura.Machines.Models.IntentSelectionModel._update [73]: Updating IntentSelectionModel.[0m
[35m2023-07-10 17:22:57,814[0m - [32mINFO[0m - [37m[MainThread] FirmwareUpdateChecker.FirmwareUpdateChecker.checkFirmwareVersion [79]: No machine with name Sovol SV05 in list of firmware to check.[0m
[35m2023-07-10 17:22:58,459[0m - [36mDEBUG[0m - [37m[MainThread] cura.Machines.MachineErrorChecker._rescheduleCheck [164]: New error check scheduled.[0m
[35m2023-07-10 17:22:58,494[0m - [36mDEBUG[0m - [37m[MainThread] cura.Machines.Models.IntentSelectionModel._update [73]: Updating IntentSelectionModel.[0m
[35m2023-07-10 17:22:58,495[0m - [36mDEBUG[0m - [37m[MainThread] cura.Machines.Models.IntentSelectionModel._update [73]: Updating IntentSelectionModel.[0m
[35m2023-07-10 17:22:58,502[0m - [36mDEBUG[0m - [37m[MainThread] cura.Machines.Models.IntentSelectionModel._update [73]: Updating IntentSelectionModel.[0m
[35m2023-07-10 17:22:59,372[0m - [36mDEBUG[0m - [37m[MainThread] cura.Machines.MachineErrorChecker._checkStack [168]: Need to check for errors again. Discard the current progress and reschedule a check.[0m
[35m2023-07-10 17:22:59,745[0m - [36mDEBUG[0m - [37m[MainThread] cura.Machines.Models.CustomQualityProfilesDropDownMenuModel._update [33]: Updating CustomQualityProfilesDropDownMenuModel.[0m
[35m2023-07-10 17:23:00,608[0m - [36mDEBUG[0m - [37m[MainThread] cura.Machines.MachineErrorChecker._rescheduleCheck [164]: New error check scheduled.[0m
[35m2023-07-10 17:23:01,059[0m - [32mINFO[0m - [37m[MainThread] cura.Machines.MachineErrorChecker._setResult [221]: Error check finished, result = False, time = 0.45s[0m
[35m2023-07-10 17:23:01,744[0m - [33mWARNING[0m - [37m[MainThread] UM.Qt.QtApplication.__onQmlWarning [444]: file:///opt/ultimaker-cura/share/cura/resources/qml/WelcomePages/AddLocalPrinterScrollView.qml:248:25: Unable to assign QString to QRegularExpression[0m
[35m2023-07-10 17:23:08,931[0m - [36mDEBUG[0m - [37m[MainThread] cura.AutoSave._onTimeout [64]: Autosaving preferences, instances and profiles took 0.03813624382019043 seconds[0m
[35m2023-07-10 17:23:17,128[0m - [33mWARNING[0m - [37m[MainThread] UM.Qt.QtApplication.__onQmlWarning [444]: file:///opt/ultimaker-cura/share/cura/resources/qml/WelcomePages/AddLocalPrinterScrollView.qml:248:25: Unable to assign QString to QRegularExpression[0m
[35m2023-07-10 17:23:25,914[0m - [36mDEBUG[0m - [37m[MainThread] cura.AutoSave._onTimeout [64]: Autosaving preferences, instances and profiles took 0.012367725372314453 seconds[0m
[35m2023-07-10 17:23:44,833[0m - [32mINFO[0m - [37m[MainThread] cura.Settings.MachineManager.addMachine [426]: Trying to add a machine with the definition id [sovol_sv06][0m
[35m2023-07-10 17:23:44,966[0m - [33mWARNING[0m - [37m[MainThread] UM.Settings.SettingDefinition._deserialize_dict [653]: Unrecognised property comment in setting small_skin_width[0m
[35m2023-07-10 17:23:46,785[0m - [36mDEBUG[0m - [37m[MainThread] cura.Machines.ContainerTree.__getitem__ [120]: Adding container tree for sovol_sv06 took 1.3254554271697998 seconds.[0m
[35m2023-07-10 17:23:46,914[0m - [32mINFO[0m - [37m[MainThread] cura.Settings.GlobalStack.addExtruder [190]: Extruder[sovol_planetary_extruder_0 #3] added to [sv06] at position [0][0m
[35m2023-07-10 17:23:46,915[0m - [32mINFO[0m - [37m[MainThread] cura.UI.MachineActionManager.addDefaultMachineActions [74]: Default machine actions added for machine definition [sovol_sv06][0m
[35m2023-07-10 17:23:46,923[0m - [33mWARNING[0m - [37m[MainThread] cura.Settings.GlobalStack.addExtruder [185]: Extruder [sovol_planetary_extruder_0 #3] has already been added to this stack [sv06][0m
[35m2023-07-10 17:23:46,927[0m - [36mDEBUG[0m - [37m[MainThread] cura.Machines.Models.IntentSelectionModel._update [73]: Updating IntentSelectionModel.[0m
[35m2023-07-10 17:23:46,928[0m - [32mINFO[0m - [37m[MainThread] cura.CuraApplication._setLoadingHint [824]: Initializing Active Machine...[0m
[35m2023-07-10 17:23:46,980[0m - [36mDEBUG[0m - [37m[MainThread] cura.Machines.Models.IntentSelectionModel._update [73]: Updating IntentSelectionModel.[0m
[35m2023-07-10 17:23:46,982[0m - [36mDEBUG[0m - [37m[MainThread] MoonrakerConnection.MoonrakerOutputDevicePlugin._checkMoonrakerOutputDevice [25]: Check current MoonrakerOutputDevice.[0m
[35m2023-07-10 17:23:47,133[0m - [36mDEBUG[0m - [37m[MainThread] cura.Machines.Models.NozzleModel._update [28]: Updating NozzleModel.[0m
[35m2023-07-10 17:23:47,555[0m - [33mWARNING[0m - [37m[MainThread] UM.Qt.QtApplication.__onQmlWarning [444]: file:///opt/ultimaker-cura/share/cura/resources/qml/Menus/SettingsMenu.qml:22:9: QML Menu: Binding loop detected for property "width"[0m
[35m2023-07-10 17:23:47,575[0m - [36mDEBUG[0m - [37m[MainThread] cura.Machines.Models.IntentSelectionModel._update [73]: Updating IntentSelectionModel.[0m
[35m2023-07-10 17:23:47,576[0m - [36mDEBUG[0m - [37m[MainThread] cura.Machines.Models.IntentSelectionModel._update [73]: Updating IntentSelectionModel.[0m
[35m2023-07-10 17:23:47,616[0m - [36mDEBUG[0m - [37m[MainThread] cura.Machines.Models.NozzleModel._update [28]: Updating NozzleModel.[0m
[35m2023-07-10 17:23:47,686[0m - [36mDEBUG[0m - [37m[MainThread] cura.Machines.Models.NozzleModel._update [28]: Updating NozzleModel.[0m
[35m2023-07-10 17:23:47,700[0m - [36mDEBUG[0m - [37m[MainThread] cura.Machines.Models.NozzleModel._update [28]: Updating NozzleModel.[0m
[35m2023-07-10 17:23:47,723[0m - [36mDEBUG[0m - [37m[MainThread] cura.Machines.Models.IntentSelectionModel._update [73]: Updating IntentSelectionModel.[0m
[35m2023-07-10 17:23:47,750[0m - [36mDEBUG[0m - [37m[MainThread] cura.Machines.Models.IntentSelectionModel._update [73]: Updating IntentSelectionModel.[0m
[35m2023-07-10 17:23:47,751[0m - [36mDEBUG[0m - [37m[MainThread] cura.Machines.Models.IntentSelectionModel._update [73]: Updating IntentSelectionModel.[0m
[35m2023-07-10 17:23:47,799[0m - [32mINFO[0m - [37m[MainThread] FirmwareUpdateChecker.FirmwareUpdateChecker.checkFirmwareVersion [79]: No machine with name Sovol SV06 in list of firmware to check.[0m
[35m2023-07-10 17:23:48,223[0m - [36mDEBUG[0m - [37m[MainThread] cura.Machines.Models.IntentSelectionModel._update [73]: Updating IntentSelectionModel.[0m
[35m2023-07-10 17:23:48,224[0m - [36mDEBUG[0m - [37m[MainThread] cura.Machines.Models.IntentSelectionModel._update [73]: Updating IntentSelectionModel.[0m
[35m2023-07-10 17:23:48,231[0m - [36mDEBUG[0m - [37m[MainThread] cura.Machines.Models.IntentSelectionModel._update [73]: Updating IntentSelectionModel.[0m
[35m2023-07-10 17:23:48,427[0m - [36mDEBUG[0m - [37m[MainThread] cura.Machines.MachineErrorChecker._rescheduleCheck [164]: New error check scheduled.[0m
[35m2023-07-10 17:23:49,230[0m - [36mDEBUG[0m - [37m[MainThread] cura.Machines.MachineErrorChecker._checkStack [168]: Need to check for errors again. Discard the current progress and reschedule a check.[0m
[35m2023-07-10 17:23:49,574[0m - [36mDEBUG[0m - [37m[MainThread] cura.Machines.Models.CustomQualityProfilesDropDownMenuModel._update [33]: Updating CustomQualityProfilesDropDownMenuModel.[0m
[35m2023-07-10 17:23:50,475[0m - [36mDEBUG[0m - [37m[MainThread] cura.Machines.MachineErrorChecker._rescheduleCheck [164]: New error check scheduled.[0m
[35m2023-07-10 17:23:50,652[0m - [33mWARNING[0m - [37m[MainThread] UM.Qt.QtApplication.__onQmlWarning [444]: file:///opt/ultimaker-cura/share/cura/resources/qml/WelcomePages/AddLocalPrinterScrollView.qml:248:25: Unable to assign QString to QRegularExpression[0m
[35m2023-07-10 17:23:51,016[0m - [32mINFO[0m - [37m[MainThread] cura.Machines.MachineErrorChecker._setResult [221]: Error check finished, result = False, time = 0.54s[0m
[35m2023-07-10 17:23:55,737[0m - [33mWARNING[0m - [37m[MainThread] UM.Qt.QtApplication.__onQmlWarning [444]: file:///opt/ultimaker-cura/share/cura/resources/qml/MainWindow/ApplicationMenu.qml:51:9: QML FileMenu: Binding loop detected for property "width"[0m
[35m2023-07-10 17:23:55,738[0m - [33mWARNING[0m - [37m[MainThread] UM.Qt.QtApplication.__onQmlWarning [444]: file:///opt/ultimaker-cura/share/cura/resources/qml/MainWindow/ApplicationMenu.qml:51:9: QML FileMenu: Binding loop detected for property "width"[0m
[35m2023-07-10 17:23:55,739[0m - [33mWARNING[0m - [37m[MainThread] UM.Qt.QtApplication.__onQmlWarning [444]: file:///opt/ultimaker-cura/share/cura/resources/qml/Menus/FileMenu.qml:17:5: QML MenuItem: Binding loop detected for property "contentWidth"[0m
[35m2023-07-10 17:23:55,741[0m - [33mWARNING[0m - [37m[MainThread] UM.Qt.QtApplication.__onQmlWarning [444]: file:///opt/ultimaker-cura/share/cura/resources/qml/Menus/FileMenu.qml:23:5: QML MenuItem: Binding loop detected for property "contentWidth"[0m
[35m2023-07-10 17:23:55,742[0m - [33mWARNING[0m - [37m[MainThread] UM.Qt.QtApplication.__onQmlWarning [444]: file:///opt/ultimaker-cura/share/cura/resources/qml/Menus/FileMenu.qml:41:5: QML MenuItem: Binding loop detected for property "contentWidth"[0m
[35m2023-07-10 17:23:55,744[0m - [33mWARNING[0m - [37m[MainThread] UM.Qt.QtApplication.__onQmlWarning [444]: file:///opt/ultimaker-cura/share/cura/resources/qml/Menus/FileMenu.qml:97:5: QML MenuItem: Binding loop detected for property "contentWidth"[0m
[35m2023-07-10 17:23:56,978[0m - [36mDEBUG[0m - [37m[MainThread] cura.TaskManagement.OnExitCallbackManager.triggerNextCallback [56]: No more on-app-exit callbacks to process. Tell the app to exit.[0m
[35m2023-07-10 17:23:56,981[0m - [32mINFO[0m - [37m[MainThread] cura.CuraApplication.closeApplication [630]: Close application[0m
[35m2023-07-10 17:23:56,981[0m - [32mINFO[0m - [37m[MainThread] cura.CuraApplication._setLoadingHint [824]: Initializing Active Machine...[0m
[35m2023-07-10 17:23:57,012[0m - [36mDEBUG[0m - [37m[MainThread] cura.Machines.Models.IntentSelectionModel._update [73]: Updating IntentSelectionModel.[0m
[35m2023-07-10 17:23:57,013[0m - [36mDEBUG[0m - [37m[MainThread] cura.Machines.Models.IntentSelectionModel._update [78]: No active GlobalStack, set quality profile model as empty.[0m
[35m2023-07-10 17:23:57,014[0m - [36mDEBUG[0m - [37m[MainThread] cura.Machines.Models.IntentSelectionModel._update [73]: Updating IntentSelectionModel.[0m
[35m2023-07-10 17:23:57,015[0m - [36mDEBUG[0m - [37m[MainThread] cura.Machines.Models.IntentSelectionModel._update [78]: No active GlobalStack, set quality profile model as empty.[0m
[35m2023-07-10 17:23:57,016[0m - [33mWARNING[0m - [37m[MainThread] UM.Qt.QtApplication.__onQmlWarning [444]: file:///opt/ultimaker-cura/share/cura/resources/qml/PrintSetupSelector/ProfileWarningReset.qml:77: TypeError: Cannot read property 'name' of null[0m
[35m2023-07-10 17:23:57,018[0m - [33mWARNING[0m - [37m[MainThread] UM.Qt.QtApplication.__onQmlWarning [444]: file:///opt/ultimaker-cura/share/cura/resources/qml/PrintSetupSelector/ProfileWarningReset.qml:77: TypeError: Cannot read property 'name' of null[0m
[35m2023-07-10 17:23:57,053[0m - [36mDEBUG[0m - [37m[MainThread] cura.Machines.Models.NozzleModel._update [28]: Updating NozzleModel.[0m
[35m2023-07-10 17:23:57,056[0m - [36mDEBUG[0m - [37m[MainThread] cura.Machines.Models.NozzleModel._update [28]: Updating NozzleModel.[0m
[35m2023-07-10 17:23:57,129[0m - [33mWARNING[0m - [37m[MainThread] UM.Qt.QtApplication.__onQmlWarning [444]: file:///opt/ultimaker-cura/share/cura/resources/qml/WelcomePages/AddLocalPrinterScrollView.qml:248:25: Unable to assign QString to QRegularExpression[0m
[35m2023-07-10 17:23:57,129[0m - [36mDEBUG[0m - [37m[MainThread] UM.Qt.QtApplication.windowClosed [508]: Shutting down cura[0m
[35m2023-07-10 17:23:57,167[0m - [36mDEBUG[0m - [37m[MainThread] CuraEngineBackend.CuraEngineBackend._terminate [375]: Attempting to kill the engine process[0m
[35m2023-07-10 17:23:57,167[0m - [36mDEBUG[0m - [37m[MainThread] CuraEngineBackend.CuraEngineBackend._terminate [381]: Killing engine process[0m
[35m2023-07-10 17:23:57,169[0m - [36mDEBUG[0m - [37m[MainThread] CuraEngineBackend.CuraEngineBackend._terminate [384]: Engine process is killed. Received return code -15[0m
